[INFO][user.go:97]2022/06/08 16:38:40 用户登录成功, 用户名: admin
[INFO][user.go:97]2022/06/08 17:51:56 用户登录成功, 用户名: admin
[INFO][jwt.go:42]2022/06/08 17:58:51 Token鉴权失败
[INFO][user.go:131]2022/06/08 19:24:12 用户注销成功, 用户名: 45343453
[INFO][user.go:170]2022/06/08 20:05:32 用户注销成功, 用户名: 
[INFO][user.go:97]2022/06/08 20:11:04 用户登录成功, 用户名: admin
[INFO][user.go:97]2022/06/08 20:20:02 用户登录成功, 用户名: admin
[INFO][user.go:97]2022/06/08 20:25:58 用户登录成功, 用户名: admin
[INFO][jwt.go:42]2022/06/08 21:49:03 Token错误
[INFO][jwt.go:42]2022/06/08 21:49:04 Token错误
[INFO][jwt.go:42]2022/06/08 21:50:42 Token错误
[INFO][jwt.go:42]2022/06/08 21:50:43 Token错误
[INFO][jwt.go:42]2022/06/08 21:50:44 Token错误
[INFO][jwt.go:42]2022/06/08 21:50:45 Token错误
[INFO][jwt.go:42]2022/06/08 22:18:19 Token错误
[INFO][jwt.go:42]2022/06/08 22:18:20 Token错误
[INFO][jwt.go:42]2022/06/08 22:48:24 Token鉴权失败
[INFO][upload.go:43]2022/06/08 23:00:16 上传图片路径 datas/img/src/8923479287bf320e63ec7d2852a859ad.jpg datas/img/src/ datas/img/src/
[INFO][upload.go:44]2022/06/08 23:00:16 校验图片格式 true
[INFO][upload.go:45]2022/06/08 23:00:16 校验图片大小 true
[INFO][upload.go:43]2022/06/08 23:10:23 上传图片路径 datas/img/src/93de15fb567b344d89b06f7cf4cd6a1d.jpg datas/img/src/ datas/img/src/
[INFO][upload.go:44]2022/06/08 23:10:23 校验图片格式 true
[INFO][upload.go:45]2022/06/08 23:10:23 校验图片大小 true
[INFO][upload.go:43]2022/06/08 23:15:19 上传图片路径 data/img/src/93de15fb567b344d89b06f7cf4cd6a1d.jpg data/img/src/ data/img/src/
[INFO][upload.go:44]2022/06/08 23:15:19 校验图片格式 true
[INFO][upload.go:45]2022/06/08 23:15:19 校验图片大小 true
[INFO][jwt.go:42]2022/06/08 23:15:59 Token错误
[INFO][jwt.go:42]2022/06/08 23:17:04 Token错误
[INFO][user.go:97]2022/06/09 03:10:31 用户登录成功, 用户名: admin
[INFO][user.go:97]2022/06/09 03:14:09 用户登录成功, 用户名: admin
[INFO][user.go:97]2022/06/09 03:24:00 用户登录成功, 用户名: admin
[INFO][user.go:97]2022/06/09 03:32:01 用户登录成功, 用户名: admin
[INFO][user.go:97]2022/06/09 03:50:37 用户登录成功, 用户名: admin
[INFO][jwt.go:42]2022/06/09 03:57:18 Token错误
