[INFO][user.go:34]2022/05/12 12:59:40 "username",+++++++,"用户名不能为空"
[INFO][user.go:34]2022/05/12 12:59:40 "password",+++++++,"密码不能为空"
[INFO][user.go:34]2022/05/12 13:02:15 "username",+++++++,"用户名不能为空"
[INFO][user.go:34]2022/05/12 13:02:15 "password",+++++++,"密码不能为空"
[INFO][user.go:34]2022/05/12 13:02:32 "password",+++++++,"密码不能为空"
[INFO][jwt.go:33]2022/05/12 13:03:05 请求参数错误
[INFO][jwt.go:33]2022/05/12 13:03:21 请求参数错误
[INFO][jwt.go:33]2022/05/12 13:03:24 请求参数错误
[INFO][jwt.go:33]2022/05/12 13:03:32 Token鉴权失败
[INFO][jwt.go:33]2022/05/12 14:13:11 请求参数错误
[WARN][upload.go:27]2022/05/12 16:10:39 http: no such file
[WARN][upload.go:28]2022/05/12 17:01:34 http: no such file
[WARN][upload.go:28]2022/05/12 17:15:01 http: no such file
[WARN][upload.go:28]2022/05/12 17:16:52 http: no such file
[WARN][upload.go:28]2022/05/12 17:18:16 http: no such file
[INFO][jwt.go:33]2022/05/12 17:22:17 Token鉴权失败
[INFO][upload.go:46]2022/05/12 17:26:30 校验图片格式 false
[INFO][upload.go:47]2022/05/12 17:26:30 校验图片大小 false
[INFO][upload.go:46]2022/05/12 17:28:29 上传图片路径 d4c1b0d87e68aded2730c5edac911781.png
[INFO][upload.go:47]2022/05/12 17:28:29 校验图片格式 false
[INFO][image.go:55]2022/05/12 17:28:29 上传图片大小 3206
[INFO][upload.go:48]2022/05/12 17:28:29 校验图片大小 false
[INFO][upload.go:46]2022/05/12 17:32:36 上传图片路径 d4c1b0d87e68aded2730c5edac911781.png  
[INFO][upload.go:47]2022/05/12 17:32:36 校验图片格式 false
[INFO][image.go:55]2022/05/12 17:32:36 上传图片大小 3206
[INFO][upload.go:48]2022/05/12 17:32:36 校验图片大小 false
[INFO][model.go:40]2022/05/12 18:02:30      
[INFO][upload.go:46]2022/05/12 18:13:36 上传图片路径 runtime/upload/images/068ef3647e5c6d18e00f242a3ab5d283.png runtime/upload/images/ upload/images/
[INFO][upload.go:47]2022/05/12 18:13:36 校验图片格式 true
[INFO][image.go:55]2022/05/12 18:13:36 上传图片大小 893 5242880
[INFO][upload.go:48]2022/05/12 18:13:36 校验图片大小 true
[INFO][image.go:55]2022/05/12 18:13:36 上传图片大小 0 5242880
[INFO][upload.go:46]2022/05/13 00:28:42 上传图片路径 runtime/upload/images/20467af589af80f8a999d52ef9e1cfa5.png runtime/upload/images/ upload/images/
[INFO][upload.go:47]2022/05/13 00:28:42 校验图片格式 true
[INFO][image.go:55]2022/05/13 00:28:42 上传图片大小 583 5242880
[INFO][upload.go:48]2022/05/13 00:28:42 校验图片大小 true
[INFO][image.go:55]2022/05/13 00:28:42 上传图片大小 0 5242880
